<?xml version="1.0" encoding="UTF-8"?>
<testsuite name="TestExpression" tests="1" skipped="0" failures="0" errors="0" timestamp="2023-04-07T09:43:29" hostname="DESKTOP-4C3FM1H" time="0.014">
  <properties/>
  <testcase name="testMultiphication()" classname="TestExpression" time="0.014"/>
  <system-out><![CDATA[]]></system-out>
  <system-err><![CDATA[]]></system-err>
</testsuite>
