<?xml version="1.0" encoding="UTF-8"?>
<testsuite name="TestExpression" tests="1" skipped="0" failures="0" errors="0" timestamp="2023-04-07T09:48:16" hostname="DESKTOP-4C3FM1H" time="0.017">
  <properties/>
  <testcase name="testMultiphication()" classname="TestExpression" time="0.017"/>
  <system-out><![CDATA[]]></system-out>
  <system-err><![CDATA[]]></system-err>
</testsuite>
