<?xml version="1.0" encoding="UTF-8"?>
<testsuite name="StackTest" tests="4" skipped="0" failures="0" errors="0" timestamp="2023-04-20T16:25:49" hostname="DESKTOP-4C3FM1H" time="0.023">
  <properties/>
  <testcase name="testPop()" classname="StackTest" time="0.013"/>
  <testcase name="testPush()" classname="StackTest" time="0.001"/>
  <testcase name="testPushAndPop()" classname="StackTest" time="0.001"/>
  <testcase name="testIsEmpty()" classname="StackTest" time="0.003"/>
  <system-out><![CDATA[]]></system-out>
  <system-err><![CDATA[]]></system-err>
</testsuite>
