<?xml version="1.0" encoding="UTF-8"?>
<testsuite name="TabooTest" tests="1" skipped="0" failures="0" errors="0" timestamp="2023-03-19T12:41:25" hostname="DESKTOP-4C3FM1H" time="0.003">
  <properties/>
  <testcase name="taboo_Test_Hard" classname="TabooTest" time="0.003"/>
  <system-out><![CDATA[]]></system-out>
  <system-err><![CDATA[]]></system-err>
</testsuite>
